<?xml version="1.0" encoding="UTF-8"?>
<!-- Generated by org.testng.reporters.JUnitReportReporter -->
<testsuite hostname="hp" name="testngprogrames.countwebtablecolunms" tests="1" failures="0" timestamp="1 Mar 2017 07:25:55 GMT" time="4.613" errors="0">
  <testcase name="countvalues" time="4.613" classname="testngprogrames.countwebtablecolunms"/>
</testsuite> <!-- testngprogrames.countwebtablecolunms -->
