<?xml version="1.0" encoding="UTF-8"?>
<!-- Generated by org.testng.reporters.JUnitReportReporter -->
<testsuite hostname="hp" name="testngprogrames.pageobjectscript" tests="1" failures="0" timestamp="2 Mar 2017 05:39:55 GMT" time="9.242" errors="0">
  <testcase name="loginprogram" time="9.242" classname="testngprogrames.pageobjectscript"/>
</testsuite> <!-- testngprogrames.pageobjectscript -->
