<?xml version="1.0" encoding="UTF-8"?>
<!-- Generated by org.testng.reporters.JUnitReportReporter -->
<testsuite hostname="hp" name="testngprogrames.mouserightclick" tests="1" failures="0" timestamp="1 Mar 2017 07:25:55 GMT" time="3.842" errors="0">
  <testcase name="mouseclick" time="3.842" classname="testngprogrames.mouserightclick"/>
</testsuite> <!-- testngprogrames.mouserightclick -->
