<?xml version="1.0" encoding="UTF-8"?>
<!-- Generated by org.testng.reporters.JUnitReportReporter -->
<testsuite hostname="hp" name="project.action1" tests="1" failures="0" timestamp="26 Sep 2016 10:49:24 GMT" time="13.830" errors="0">
  <testcase name="open" time="13.830" classname="project.action1"/>
</testsuite> <!-- project.action1 -->
