<?xml version="1.0" encoding="UTF-8"?>
<!-- Generated by org.testng.reporters.JUnitReportReporter -->
<testsuite skipped="0" hostname="hp" name="webdriver.calender" tests="1" failures="0" timestamp="15 Mar 2017 10:39:37 GMT" time="19.059" errors="0">
  <testcase name="date" time="19.059" classname="webdriver.calender"/>
</testsuite> <!-- webdriver.calender -->
