<?xml version="1.0" encoding="UTF-8"?>
<!-- Generated by org.testng.reporters.JUnitReportReporter -->
<testsuite hostname="hp" name="testngprogrames.draganddrop" tests="1" failures="0" timestamp="1 Mar 2017 07:25:55 GMT" time="21.237" errors="0">
  <testcase name="drag" time="21.237" classname="testngprogrames.draganddrop"/>
</testsuite> <!-- testngprogrames.draganddrop -->
