<?xml version="1.0" encoding="UTF-8"?>
<!-- Generated by org.testng.reporters.JUnitReportReporter -->
<testsuite hostname="hp" name="testngprogrames.getdataandprintinexcel" tests="1" failures="0" timestamp="1 Mar 2017 07:25:55 GMT" time="39.134" errors="0">
  <testcase name="getdata" time="39.134" classname="testngprogrames.getdataandprintinexcel"/>
</testsuite> <!-- testngprogrames.getdataandprintinexcel -->
