<?xml version="1.0" encoding="UTF-8"?>
<!-- Generated by org.testng.reporters.JUnitReportReporter -->
<testsuite hostname="hp" name="project.mouseoperationsinflipcart" tests="1" failures="0" timestamp="23 Sep 2016 08:29:04 GMT" time="36.316" errors="0">
  <testcase name="mobilescreenshot" time="36.316" classname="project.mouseoperationsinflipcart"/>
</testsuite> <!-- project.mouseoperationsinflipcart -->
