<?xml version="1.0" encoding="UTF-8"?>
<!-- Generated by org.testng.reporters.JUnitReportReporter -->
<testsuite hostname="hp" name="project.iframes" tests="1" failures="0" timestamp="27 Sep 2016 17:06:09 GMT" time="45.233" errors="0">
  <testcase name="open" time="45.233" classname="project.iframes"/>
</testsuite> <!-- project.iframes -->
