<?xml version="1.0" encoding="UTF-8"?>
<!-- Generated by org.testng.reporters.JUnitReportReporter -->
<testsuite hostname="hp" name="testngprogrames.orangehrmdatadriven" tests="1" failures="0" timestamp="1 Mar 2017 07:25:55 GMT" time="0.104" errors="0">
  <testcase name="login" time="0.104" classname="testngprogrames.orangehrmdatadriven"/>
</testsuite> <!-- testngprogrames.orangehrmdatadriven -->
