<?xml version="1.0" encoding="UTF-8"?>
<!-- Generated by org.testng.reporters.JUnitReportReporter -->
<testsuite hostname="hp" name="project.sample" tests="1" failures="0" timestamp="19 Sep 2016 14:12:41 GMT" time="1.205" errors="0">
  <testcase name="count" time="1.205" classname="project.sample"/>
</testsuite> <!-- project.sample -->
