<?xml version="1.0" encoding="UTF-8"?>
<!-- Generated by org.testng.reporters.JUnitReportReporter -->
<testsuite hostname="hp" name="project.frame" tests="1" failures="0" timestamp="10 Sep 2016 11:15:26 GMT" time="0.817" errors="0">
  <testcase name="verifylinkinframe" time="0.817" classname="project.frame"/>
</testsuite> <!-- project.frame -->
