<?xml version="1.0" encoding="UTF-8"?>
<!-- Generated by org.testng.reporters.JUnitReportReporter -->
<testsuite hostname="hp" name="testngprogrames.cookies" tests="1" failures="0" timestamp="2 Mar 2017 06:20:31 GMT" time="0.299" errors="0">
  <testcase name="countcookies" time="0.299" classname="testngprogrames.cookies"/>
</testsuite> <!-- testngprogrames.cookies -->
