<?xml version="1.0" encoding="UTF-8"?>
<!-- Generated by org.testng.reporters.JUnitReportReporter -->
<testsuite hostname="hp" name="selenium.tables" tests="3" failures="0" timestamp="22 Nov 2016 08:42:44 GMT" time="0.041" errors="0">
  <testcase name="arraylist" time="0.011" classname="selenium.tables"/>
  <testcase name="array" time="0.027" classname="selenium.tables"/>
  <testcase name="array1" time="0.003" classname="selenium.tables"/>
</testsuite> <!-- selenium.tables -->
