<?xml version="1.0" encoding="UTF-8"?>
<!-- Generated by org.testng.reporters.JUnitReportReporter -->
<testsuite hostname="hp" name="testngprogrames.testngdemo" tests="3" failures="0" timestamp="2 Mar 2017 06:38:32 GMT" time="0.022" errors="0">
  <testcase name="login" time="0.011" classname="testngprogrames.testngdemo"/>
  <testcase name="sendmail" time="0.004" classname="testngprogrames.testngdemo"/>
  <testcase name="resgistration" time="0.007" classname="testngprogrames.testngdemo"/>
</testsuite> <!-- testngprogrames.testngdemo -->
