<?xml version="1.0" encoding="UTF-8"?>
<!-- Generated by org.testng.reporters.JUnitReportReporter -->
<testsuite hostname="hp" name="project.example" tests="1" failures="0" timestamp="21 Sep 2016 08:53:38 GMT" time="5.754" errors="0">
  <testcase name="signin" time="5.754" classname="project.example"/>
</testsuite> <!-- project.example -->
