<?xml version="1.0" encoding="UTF-8"?>
<!-- Generated by org.testng.reporters.JUnitReportReporter -->
<testsuite hostname="hp" name="testngprogrames.robot" tests="1" failures="0" timestamp="1 Mar 2017 07:25:55 GMT" time="34.675" errors="0">
  <testcase name="download" time="34.675" classname="testngprogrames.robot"/>
</testsuite> <!-- testngprogrames.robot -->
