<?xml version="1.0" encoding="UTF-8"?>
<!-- Generated by org.testng.reporters.JUnitReportReporter -->
<testsuite hostname="hp" name="testngprogrames.newtoursdatadriven" tests="1" failures="0" timestamp="1 Mar 2017 07:25:55 GMT" time="0.158" errors="0">
  <testcase name="registration" time="0.158" classname="testngprogrames.newtoursdatadriven"/>
</testsuite> <!-- testngprogrames.newtoursdatadriven -->
