<?xml version="1.0" encoding="UTF-8"?>
<!-- Generated by org.testng.reporters.JUnitReportReporter -->
<testsuite hostname="hp" name="javascriptexecutor.sikuli" tests="1" failures="0" timestamp="2 Oct 2016 15:34:13 GMT" time="23.520" errors="0">
  <testcase name="gmaillogin" time="23.520" classname="javascriptexecutor.sikuli"/>
</testsuite> <!-- javascriptexecutor.sikuli -->
