<?xml version="1.0" encoding="UTF-8"?>
<!-- Generated by org.testng.reporters.JUnitReportReporter -->
<testsuite hostname="hp" name="project.cookieswithlogs" tests="1" failures="0" timestamp="26 Sep 2016 10:42:08 GMT" time="1.094" errors="0">
  <testcase name="getcookies" time="1.094" classname="project.cookieswithlogs"/>
</testsuite> <!-- project.cookieswithlogs -->
