<?xml version="1.0" encoding="UTF-8"?>
<!-- Generated by org.testng.reporters.JUnitReportReporter -->
<testsuite skipped="0" hostname="hp" name="webdriver.practice" tests="2" failures="0" timestamp="12 Mar 2017 17:02:34 GMT" time="37.638" errors="0">
  <testcase name="generatealert" time="16.081" classname="webdriver.practice"/>
  <testcase name="doaminname" time="21.557" classname="webdriver.practice"/>
</testsuite> <!-- webdriver.practice -->
