<?xml version="1.0" encoding="UTF-8"?>
<!-- Generated by org.testng.reporters.JUnitReportReporter -->
<testsuite hostname="hp" name="frameworks.datadriven" tests="1" failures="0" timestamp="1 Mar 2017 14:52:45 GMT" time="2.343" errors="0">
  <testcase name="gmaillogin" time="2.343" classname="frameworks.datadriven"/>
</testsuite> <!-- frameworks.datadriven -->
