<?xml version="1.0" encoding="UTF-8"?>
<!-- Generated by org.testng.reporters.JUnitReportReporter -->
<testsuite hostname="hp" name="testngprogrames.workingwithframes" tests="1" failures="0" timestamp="20 Sep 2016 11:30:49 GMT" time="1.490" errors="0">
  <testcase name="verifylinkinframe" time="1.490" classname="testngprogrames.workingwithframes"/>
</testsuite> <!-- testngprogrames.workingwithframes -->
