<?xml version="1.0" encoding="UTF-8"?>
<!-- Generated by org.testng.reporters.JUnitReportReporter -->
<testsuite hostname="hp" name="testngprogrames.dynamictable2" tests="1" failures="0" timestamp="1 Mar 2017 07:25:55 GMT" time="17.909" errors="0">
  <testcase name="getdata" time="17.909" classname="testngprogrames.dynamictable2"/>
</testsuite> <!-- testngprogrames.dynamictable2 -->
