<?xml version="1.0" encoding="UTF-8"?>
<!-- Generated by org.testng.reporters.JUnitReportReporter -->
<testsuite skipped="0" hostname="hp" name="webdriver.excel" tests="1" failures="0" timestamp="11 Mar 2017 06:14:17 GMT" time="6.931" errors="0">
  <testcase name="insertdata" time="6.931" classname="webdriver.excel"/>
</testsuite> <!-- webdriver.excel -->
