<?xml version="1.0" encoding="UTF-8"?>
<!-- Generated by org.testng.reporters.JUnitReportReporter -->
<testsuite hostname="hp" name="testngprogrames.actionkeyword" tests="1" failures="0" timestamp="20 Sep 2016 12:47:56 GMT" time="10.351" errors="0">
  <testcase name="launchbrowser" time="10.351" classname="testngprogrames.actionkeyword"/>
</testsuite> <!-- testngprogrames.actionkeyword -->
