<?xml version="1.0" encoding="UTF-8"?>
<!-- Generated by org.testng.reporters.JUnitReportReporter -->
<testsuite hostname="hp" name="database.dbempnames" tests="1" failures="0" timestamp="6 Jan 2017 09:30:46 GMT" time="1.061" errors="0">
  <testcase name="testdata" time="1.061" classname="database.dbempnames"/>
</testsuite> <!-- database.dbempnames -->
