<?xml version="1.0" encoding="UTF-8"?>
<!-- Generated by org.testng.reporters.JUnitReportReporter -->
<testsuite hostname="hp" name="testngprogrames.getallcolumnsdata" tests="1" failures="0" timestamp="1 Mar 2017 07:25:55 GMT" time="3.055" errors="0">
  <testcase name="getdata" time="3.055" classname="testngprogrames.getallcolumnsdata"/>
</testsuite> <!-- testngprogrames.getallcolumnsdata -->
